[2024-10-23 11:28:40,573] multiqc.core.update_config                         [INFO   ]  Report title: HTSMultiQC-cleaning-report
[2024-10-23 11:28:41,173] multiqc.core.version_check                         [WARNING]  MultiQC Version v1.25.1 now available!
[2024-10-23 11:28:41,174] multiqc.core.file_search                           [INFO   ]  Search path: /mnt/analysis/cat_users/matt/rnaseq_example/01-HTS_Preproc
[2024-10-23 11:28:41,267] multiqc.modules.htstream.htstream                  [INFO   ]  Found 3 reports.
[2024-10-23 11:28:41,355] multiqc.validation                                 [WARNING]  htstream/apps/Stats.py: Warnings while parsing LinePlotConfig.FlatLine {'color': '#5D4B87', 'width': 1.5, 'value': 150.5, 'zIndex': 4, 'dash': 'solid'}:
[2024-10-23 11:28:41,355] multiqc.validation                                 [WARNING]  • unrecognized field 'zIndex'. Available fields: value, colour, color, width, dashStyle, dash, label
[2024-10-23 11:28:41,355] multiqc.validation                                 [ERROR  ]  htstream/apps/Stats.py: Errors parsing LinePlotConfig.FlatLine {'color': '#5D4B87', 'width': 1.5, 'value': 150.5, 'zIndex': 4, 'dash': 'solid'}
[2024-10-23 11:28:41,355] multiqc.validation                                 [ERROR  ]  • 'width': expected type '<class 'int'>', got 'float' 1.5
[2024-10-23 11:28:41,356] multiqc.validation                                 [WARNING]  htstream/apps/Stats.py: Warnings while parsing LinePlotConfig {'id': 'htstream_stats_distance_St_PE_Base_by_Cycle_6127', 'title': 'HTStream: Base by Cycle (PE)', 'smooth_points_sumcounts': False, 'ylab': 'Avg. Distance from 25%', 'xlab': 'Cycle', 'categories': True, 'tt_label': '{point.x}: {point.y:.2f}%', 'y_bands': [{'from': 0, 'to': 8, 'color': '#c3e6c3'}, {'from': 8, 'to': 35, 'color': '#e6dcc3'}, {'from': 35, 'to': 100, 'color': '#e6c3c3'}], 'xPlotLines': [{'color': '#5D4B87', 'width': 1.5, 'value': 150.5, 'dashStyle': 'shortdash', 'zIndex': 4}]}:
[2024-10-23 11:28:41,356] multiqc.validation                                 [WARNING]  • Deprecated field 'xPlotLines'. Use 'x_lines' instead
[2024-10-23 11:28:41,384] multiqc.validation                                 [WARNING]  htstream/apps/Stats.py: Warnings while parsing LinePlotConfig.FlatLine {'color': '#5D4B87', 'width': 1.5, 'value': 150.5, 'zIndex': 4, 'dash': 'solid'}:
[2024-10-23 11:28:41,384] multiqc.validation                                 [WARNING]  • unrecognized field 'zIndex'. Available fields: value, colour, color, width, dashStyle, dash, label
[2024-10-23 11:28:41,384] multiqc.validation                                 [ERROR  ]  htstream/apps/Stats.py: Errors parsing LinePlotConfig.FlatLine {'color': '#5D4B87', 'width': 1.5, 'value': 150.5, 'zIndex': 4, 'dash': 'solid'}
[2024-10-23 11:28:41,384] multiqc.validation                                 [ERROR  ]  • 'width': expected type '<class 'int'>', got 'float' 1.5
[2024-10-23 11:28:41,385] multiqc.validation                                 [WARNING]  htstream/apps/Stats.py: Warnings while parsing LinePlotConfig {'id': 'htstream_stats_qbc_line_PE_3235', 'smooth_points_sumcounts': False, 'categories': True, 'tt_label': '{point.x}: {point.y:.2f}', 'title': 'HTStream: Mean Quality by Cycle (PE)', 'xlab': 'Cycle', 'ylab': 'Mean Q Score', 'colors': {'NEB_Mixed-10-ng-1_1M_S383': '#78D578', 'NEB_Mixed-10-ng-2_S384': '#78D578', 'NEB_Mixed-10-ng-3_S385': '#78D578'}, 'xPlotLines': [{'color': '#5D4B87', 'width': 1.5, 'value': 150.5, 'dashStyle': 'shortdash', 'zIndex': 4}]}:
[2024-10-23 11:28:41,385] multiqc.validation                                 [WARNING]  • Deprecated field 'xPlotLines'. Use 'x_lines' instead
[2024-10-23 11:28:41,426] multiqc.validation                                 [WARNING]  htstream/apps/Stats.py: Warnings while parsing LinePlotConfig.FlatLine {'color': '#5D4B87', 'width': 1.5, 'value': 150.5, 'zIndex': 4, 'dash': 'solid'}:
[2024-10-23 11:28:41,426] multiqc.validation                                 [WARNING]  • unrecognized field 'zIndex'. Available fields: value, colour, color, width, dashStyle, dash, label
[2024-10-23 11:28:41,427] multiqc.validation                                 [ERROR  ]  htstream/apps/Stats.py: Errors parsing LinePlotConfig.FlatLine {'color': '#5D4B87', 'width': 1.5, 'value': 150.5, 'zIndex': 4, 'dash': 'solid'}
[2024-10-23 11:28:41,427] multiqc.validation                                 [ERROR  ]  • 'width': expected type '<class 'int'>', got 'float' 1.5
[2024-10-23 11:28:41,427] multiqc.validation                                 [WARNING]  htstream/apps/Stats.py: Warnings while parsing LinePlotConfig {'id': 'htstream_stats_distance_St_PE_Base_by_Cycle_2561', 'title': 'HTStream: Base by Cycle (PE)', 'smooth_points_sumcounts': False, 'ylab': 'Avg. Distance from 25%', 'xlab': 'Cycle', 'categories': True, 'tt_label': '{point.x}: {point.y:.2f}%', 'y_bands': [{'from': 0, 'to': 8, 'color': '#c3e6c3'}, {'from': 8, 'to': 35, 'color': '#e6dcc3'}, {'from': 35, 'to': 100, 'color': '#e6c3c3'}], 'xPlotLines': [{'color': '#5D4B87', 'width': 1.5, 'value': 150.5, 'dashStyle': 'shortdash', 'zIndex': 4}]}:
[2024-10-23 11:28:41,427] multiqc.validation                                 [WARNING]  • Deprecated field 'xPlotLines'. Use 'x_lines' instead
[2024-10-23 11:28:41,445] multiqc.validation                                 [WARNING]  htstream/apps/Stats.py: Warnings while parsing LinePlotConfig.FlatLine {'color': '#5D4B87', 'width': 1.5, 'value': 150.5, 'zIndex': 4, 'dash': 'solid'}:
[2024-10-23 11:28:41,445] multiqc.validation                                 [WARNING]  • unrecognized field 'zIndex'. Available fields: value, colour, color, width, dashStyle, dash, label
[2024-10-23 11:28:41,445] multiqc.validation                                 [ERROR  ]  htstream/apps/Stats.py: Errors parsing LinePlotConfig.FlatLine {'color': '#5D4B87', 'width': 1.5, 'value': 150.5, 'zIndex': 4, 'dash': 'solid'}
[2024-10-23 11:28:41,445] multiqc.validation                                 [ERROR  ]  • 'width': expected type '<class 'int'>', got 'float' 1.5
[2024-10-23 11:28:41,446] multiqc.validation                                 [WARNING]  htstream/apps/Stats.py: Warnings while parsing LinePlotConfig {'id': 'htstream_stats_qbc_line_PE_7332', 'smooth_points_sumcounts': False, 'categories': True, 'tt_label': '{point.x}: {point.y:.2f}', 'title': 'HTStream: Mean Quality by Cycle (PE)', 'xlab': 'Cycle', 'ylab': 'Mean Q Score', 'colors': {'NEB_Mixed-10-ng-1_1M_S383': '#78D578', 'NEB_Mixed-10-ng-2_S384': '#78D578', 'NEB_Mixed-10-ng-3_S385': '#78D578'}, 'xPlotLines': [{'color': '#5D4B87', 'width': 1.5, 'value': 150.5, 'dashStyle': 'shortdash', 'zIndex': 4}]}:
[2024-10-23 11:28:41,446] multiqc.validation                                 [WARNING]  • Deprecated field 'xPlotLines'. Use 'x_lines' instead
